<?xml version="1.0" encoding="UTF-8"?>
<coverage generated="1758818261373" clover="3.2.0">
  <project timestamp="1758818261373" name="All files">
    <metrics statements="15" coveredstatements="15" conditionals="1" coveredconditionals="1" methods="1" coveredmethods="1" elements="17" coveredelements="17" complexity="0" loc="15" ncloc="15" packages="1" files="1" classes="1"/>
    <file name="MusicPlayer.tsx" path="/home/johnwilson/Desktop/Atlas School/atlas-music-player/src/components/MusicPlayer.tsx">
      <metrics statements="15" coveredstatements="15" conditionals="1" coveredconditionals="1" methods="1" coveredmethods="1"/>
      <line num="1" count="1" type="stmt"/>
      <line num="2" count="1" type="stmt"/>
      <line num="3" count="1" type="stmt"/>
      <line num="5" count="1" type="cond" truecount="1" falsecount="0"/>
      <line num="6" count="6" type="stmt"/>
      <line num="7" count="6" type="stmt"/>
      <line num="9" count="6" type="stmt"/>
      <line num="10" count="6" type="stmt"/>
      <line num="11" count="6" type="stmt"/>
      <line num="14" count="6" type="stmt"/>
      <line num="15" count="6" type="stmt"/>
      <line num="16" count="6" type="stmt"/>
      <line num="17" count="6" type="stmt"/>
      <line num="19" count="6" type="stmt"/>
      <line num="21" count="1" type="stmt"/>
    </file>
  </project>
</coverage>
